cpu-bind=MASK - host210, task  0  0 [27219]: mask 0xf0f set
cpu-bind=MASK - host210, task  1  1 [27815]: mask 0x100 set
cpu-bind=MASK - host210, task  0  0 [27814]: mask 0x1 set
cpu-bind=MASK - host210, task  2  2 [27816]: mask 0x2 set
cpu-bind=MASK - host210, task  3  3 [27817]: mask 0x200 set
cpu-bind=MASK - host210, task  4  4 [27818]: mask 0x4 set
cpu-bind=MASK - host210, task  5  5 [27819]: mask 0x400 set
cpu-bind=MASK - host210, task  7  7 [27821]: mask 0x800 set
cpu-bind=MASK - host210, task  6  6 [27820]: mask 0x8 set
slurmstepd: error: Detected 207 oom-kill event(s) in step 25256875.0 cgroup. Some of your processes may have been killed by the cgroup out-of-memory handler.
srun: error: host210: task 5: Out Of Memory
Traceback (most recent call last):
  File "/home/users/hkhatri/Git_Repo/AMOC_Variability_DePreSys_MET/Python_Scripts/Drift_ocean_var_DCPP2016.py", line 111, in <module>
    ds_save = ds_var.compute()
  File "/home/users/hkhatri/miniconda3/lib/python3.9/site-packages/xarray/core/dataset.py", line 1026, in compute
    return new.load(**kwargs)
  File "/home/users/hkhatri/miniconda3/lib/python3.9/site-packages/xarray/core/dataset.py", line 860, in load
    evaluated_data = da.compute(*lazy_data.values(), **kwargs)
  File "/home/users/hkhatri/miniconda3/lib/python3.9/site-packages/dask/base.py", line 573, in compute
    results = schedule(dsk, keys, **kwargs)
  File "/home/users/hkhatri/miniconda3/lib/python3.9/site-packages/dask/threaded.py", line 81, in get
    results = get_async(
  File "/home/users/hkhatri/miniconda3/lib/python3.9/site-packages/dask/local.py", line 506, in get_async
    raise_exception(exc, tb)
  File "/home/users/hkhatri/miniconda3/lib/python3.9/site-packages/dask/local.py", line 314, in reraise
    raise exc
  File "/home/users/hkhatri/miniconda3/lib/python3.9/site-packages/dask/local.py", line 219, in execute_task
    result = _execute_task(task, data)
  File "/home/users/hkhatri/miniconda3/lib/python3.9/site-packages/dask/core.py", line 119, in _execute_task
    return func(*(_execute_task(a, cache) for a in args))
  File "/home/users/hkhatri/miniconda3/lib/python3.9/site-packages/dask/core.py", line 119, in <genexpr>
    return func(*(_execute_task(a, cache) for a in args))
  File "/home/users/hkhatri/miniconda3/lib/python3.9/site-packages/dask/core.py", line 119, in _execute_task
    return func(*(_execute_task(a, cache) for a in args))
  File "/home/users/hkhatri/miniconda3/lib/python3.9/site-packages/dask/core.py", line 119, in <genexpr>
    return func(*(_execute_task(a, cache) for a in args))
  File "/home/users/hkhatri/miniconda3/lib/python3.9/site-packages/dask/core.py", line 119, in _execute_task
    return func(*(_execute_task(a, cache) for a in args))
  File "/home/users/hkhatri/miniconda3/lib/python3.9/site-packages/dask/optimization.py", line 969, in __call__
    return core.get(self.dsk, self.outkey, dict(zip(self.inkeys, args)))
  File "/home/users/hkhatri/miniconda3/lib/python3.9/site-packages/dask/core.py", line 149, in get
    result = _execute_task(task, cache)
  File "/home/users/hkhatri/miniconda3/lib/python3.9/site-packages/dask/core.py", line 119, in _execute_task
    return func(*(_execute_task(a, cache) for a in args))
  File "/home/users/hkhatri/miniconda3/lib/python3.9/site-packages/dask/array/core.py", line 119, in getter
    c = np.asarray(c)
  File "/home/users/hkhatri/miniconda3/lib/python3.9/site-packages/numpy/core/_asarray.py", line 102, in asarray
    return array(a, dtype, copy=False, order=order)
  File "/home/users/hkhatri/miniconda3/lib/python3.9/site-packages/xarray/core/indexing.py", line 358, in __array__
    return np.asarray(self.array, dtype=dtype)
  File "/home/users/hkhatri/miniconda3/lib/python3.9/site-packages/numpy/core/_asarray.py", line 102, in asarray
    return array(a, dtype, copy=False, order=order)
  File "/home/users/hkhatri/miniconda3/lib/python3.9/site-packages/xarray/core/indexing.py", line 522, in __array__
    return np.asarray(self.array, dtype=dtype)
  File "/home/users/hkhatri/miniconda3/lib/python3.9/site-packages/numpy/core/_asarray.py", line 102, in asarray
    return array(a, dtype, copy=False, order=order)
  File "/home/users/hkhatri/miniconda3/lib/python3.9/site-packages/xarray/core/indexing.py", line 423, in __array__
    return np.asarray(array[self.key], dtype=None)
  File "/home/users/hkhatri/miniconda3/lib/python3.9/site-packages/numpy/core/_asarray.py", line 102, in asarray
    return array(a, dtype, copy=False, order=order)
  File "/home/users/hkhatri/miniconda3/lib/python3.9/site-packages/xarray/coding/variables.py", line 70, in __array__
    return self.func(self.array)
  File "/home/users/hkhatri/miniconda3/lib/python3.9/site-packages/xarray/coding/variables.py", line 137, in _apply_mask
    data = np.asarray(data, dtype=dtype)
  File "/home/users/hkhatri/miniconda3/lib/python3.9/site-packages/numpy/core/_asarray.py", line 102, in asarray
    return array(a, dtype, copy=False, order=order)
  File "/home/users/hkhatri/miniconda3/lib/python3.9/site-packages/xarray/core/indexing.py", line 423, in __array__
    return np.asarray(array[self.key], dtype=None)
  File "/home/users/hkhatri/miniconda3/lib/python3.9/site-packages/xarray/backends/netCDF4_.py", line 93, in __getitem__
    return indexing.explicit_indexing_adapter(
  File "/home/users/hkhatri/miniconda3/lib/python3.9/site-packages/xarray/core/indexing.py", line 712, in explicit_indexing_adapter
    result = raw_indexing_method(raw_key.tuple)
  File "/home/users/hkhatri/miniconda3/lib/python3.9/site-packages/xarray/backends/netCDF4_.py", line 106, in _getitem
    array = getitem(original_array, key)
  File "src/netCDF4/_netCDF4.pyx", line 4406, in netCDF4._netCDF4.Variable.__getitem__
  File "src/netCDF4/_netCDF4.pyx", line 5350, in netCDF4._netCDF4.Variable._get
  File "src/netCDF4/_netCDF4.pyx", line 1927, in netCDF4._netCDF4._ensure_nc_success
RuntimeError: NetCDF: HDF error
