cpu-bind=MASK - host210, task  0  0 [4867]: mask 0xf0f set
cpu-bind=MASK - host210, task  0  0 [5412]: mask 0xf0f set
distributed.http.proxy - INFO - To route to workers diagnostics web server please install jupyter-server-proxy: python -m pip install jupyter-server-proxy
distributed.scheduler - INFO - Clear task state
distributed.scheduler - INFO -   Scheduler at:  tcp://172.26.66.66:45974
distributed.scheduler - INFO -   dashboard at:                     :8787
distributed.scheduler - INFO - Receive client connection: Client-4018fad4-94ac-11ec-9526-f452141d4040
distributed.core - INFO - Starting established connection
distributed.diskutils - INFO - Found stale lock file and directory '/home/users/hkhatri/Git_Repo/AMOC_Variability_DePreSys_MET/Python_Scripts/dask-worker-space/worker-0iwcqu4j', purging
distributed.diskutils - INFO - Found stale lock file and directory '/home/users/hkhatri/Git_Repo/AMOC_Variability_DePreSys_MET/Python_Scripts/dask-worker-space/worker-tjt4k_vf', purging
distributed.diskutils - INFO - Found stale lock file and directory '/home/users/hkhatri/Git_Repo/AMOC_Variability_DePreSys_MET/Python_Scripts/dask-worker-space/worker-guo7kaak', purging
distributed.diskutils - INFO - Found stale lock file and directory '/home/users/hkhatri/Git_Repo/AMOC_Variability_DePreSys_MET/Python_Scripts/dask-worker-space/worker-0iwue0ri', purging
distributed.diskutils - INFO - Found stale lock file and directory '/home/users/hkhatri/Git_Repo/AMOC_Variability_DePreSys_MET/Python_Scripts/dask-worker-space/worker-xogyzm54', purging
distributed.worker - INFO -       Start worker at:   tcp://172.26.66.66:38228
distributed.worker - INFO -          Listening to:   tcp://172.26.66.66:38228
distributed.worker - INFO -       Start worker at:   tcp://172.26.66.66:44964
distributed.worker - INFO -          Listening to:   tcp://172.26.66.66:44964
distributed.worker - INFO -          dashboard at:         172.26.66.66:40848
distributed.worker - INFO -          dashboard at:         172.26.66.66:37420
distributed.worker - INFO -       Start worker at:   tcp://172.26.66.66:37968
distributed.worker - INFO - Waiting to connect to:   tcp://172.26.66.66:45974
distributed.worker - INFO -          Listening to:   tcp://172.26.66.66:37968
distributed.worker - INFO - -------------------------------------------------
distributed.worker - INFO -               Threads:                          1
distributed.worker - INFO -          dashboard at:         172.26.66.66:41561
distributed.worker - INFO - Waiting to connect to:   tcp://172.26.66.66:45974
distributed.worker - INFO -                Memory:                   3.91 GiB
distributed.worker - INFO -       Local Directory: /home/users/hkhatri/Git_Repo/AMOC_Variability_DePreSys_MET/Python_Scripts/dask-worker-space/worker-4ev6b4m3
distributed.worker - INFO - -------------------------------------------------
distributed.worker - INFO -               Threads:                          1
distributed.diskutils - INFO - Found stale lock file and directory '/home/users/hkhatri/Git_Repo/AMOC_Variability_DePreSys_MET/Python_Scripts/dask-worker-space/worker-wfwja1pi', purging
distributed.worker - INFO - -------------------------------------------------
distributed.worker - INFO - Waiting to connect to:   tcp://172.26.66.66:45974
distributed.worker - INFO -                Memory:                   3.91 GiB
distributed.worker - INFO - -------------------------------------------------
distributed.worker - INFO -       Local Directory: /home/users/hkhatri/Git_Repo/AMOC_Variability_DePreSys_MET/Python_Scripts/dask-worker-space/worker-xtp6a596
distributed.worker - INFO -               Threads:                          1
distributed.worker - INFO -                Memory:                   3.91 GiB
distributed.worker - INFO - -------------------------------------------------
distributed.worker - INFO -       Local Directory: /home/users/hkhatri/Git_Repo/AMOC_Variability_DePreSys_MET/Python_Scripts/dask-worker-space/worker-zr27u3_n
distributed.worker - INFO - -------------------------------------------------
distributed.worker - INFO -       Start worker at:   tcp://172.26.66.66:38066
distributed.worker - INFO -          Listening to:   tcp://172.26.66.66:38066
distributed.worker - INFO -          dashboard at:         172.26.66.66:44396
distributed.worker - INFO - Waiting to connect to:   tcp://172.26.66.66:45974
distributed.scheduler - INFO - Register worker <WorkerState 'tcp://172.26.66.66:44964', name: 5, status: undefined, memory: 0, processing: 0>
distributed.worker - INFO - -------------------------------------------------
distributed.worker - INFO -               Threads:                          1
distributed.worker - INFO -                Memory:                   3.91 GiB
distributed.worker - INFO -       Local Directory: /home/users/hkhatri/Git_Repo/AMOC_Variability_DePreSys_MET/Python_Scripts/dask-worker-space/worker-du9isz_9
distributed.worker - INFO - -------------------------------------------------
distributed.scheduler - INFO - Starting worker compute stream, tcp://172.26.66.66:44964
distributed.core - INFO - Starting established connection
distributed.worker - INFO -         Registered to:   tcp://172.26.66.66:45974
distributed.worker - INFO - -------------------------------------------------
distributed.scheduler - INFO - Register worker <WorkerState 'tcp://172.26.66.66:38228', name: 4, status: undefined, memory: 0, processing: 0>
distributed.scheduler - INFO - Starting worker compute stream, tcp://172.26.66.66:38228
distributed.core - INFO - Starting established connection
distributed.core - INFO - Starting established connection
distributed.worker - INFO -         Registered to:   tcp://172.26.66.66:45974
distributed.worker - INFO - -------------------------------------------------
distributed.core - INFO - Starting established connection
distributed.scheduler - INFO - Register worker <WorkerState 'tcp://172.26.66.66:37968', name: 7, status: undefined, memory: 0, processing: 0>
distributed.scheduler - INFO - Starting worker compute stream, tcp://172.26.66.66:37968
distributed.core - INFO - Starting established connection
distributed.worker - INFO -         Registered to:   tcp://172.26.66.66:45974
distributed.worker - INFO - -------------------------------------------------
distributed.core - INFO - Starting established connection
distributed.scheduler - INFO - Register worker <WorkerState 'tcp://172.26.66.66:38066', name: 2, status: undefined, memory: 0, processing: 0>
distributed.scheduler - INFO - Starting worker compute stream, tcp://172.26.66.66:38066
distributed.core - INFO - Starting established connection
distributed.worker - INFO -         Registered to:   tcp://172.26.66.66:45974
distributed.worker - INFO - -------------------------------------------------
distributed.core - INFO - Starting established connection
distributed.worker - INFO -       Start worker at:   tcp://172.26.66.66:43448
distributed.worker - INFO -          Listening to:   tcp://172.26.66.66:43448
distributed.worker - INFO -          dashboard at:         172.26.66.66:42747
distributed.worker - INFO - Waiting to connect to:   tcp://172.26.66.66:45974
distributed.worker - INFO - -------------------------------------------------
distributed.worker - INFO -               Threads:                          1
distributed.worker - INFO -                Memory:                   3.91 GiB
distributed.worker - INFO -       Local Directory: /home/users/hkhatri/Git_Repo/AMOC_Variability_DePreSys_MET/Python_Scripts/dask-worker-space/worker-mjxf3lgz
distributed.worker - INFO - -------------------------------------------------
distributed.scheduler - INFO - Register worker <WorkerState 'tcp://172.26.66.66:43448', name: 6, status: undefined, memory: 0, processing: 0>
distributed.scheduler - INFO - Starting worker compute stream, tcp://172.26.66.66:43448
distributed.core - INFO - Starting established connection
distributed.worker - INFO -         Registered to:   tcp://172.26.66.66:45974
distributed.worker - INFO - -------------------------------------------------
distributed.core - INFO - Starting established connection
distributed.worker - INFO -       Start worker at:   tcp://172.26.66.66:33536
distributed.worker - INFO -          Listening to:   tcp://172.26.66.66:33536
distributed.worker - INFO -          dashboard at:         172.26.66.66:43612
distributed.worker - INFO - Waiting to connect to:   tcp://172.26.66.66:45974
distributed.worker - INFO - -------------------------------------------------
distributed.worker - INFO -               Threads:                          1
distributed.worker - INFO -                Memory:                   3.91 GiB
distributed.worker - INFO -       Local Directory: /home/users/hkhatri/Git_Repo/AMOC_Variability_DePreSys_MET/Python_Scripts/dask-worker-space/worker-ntrdlvzh
distributed.worker - INFO - -------------------------------------------------
distributed.scheduler - INFO - Register worker <WorkerState 'tcp://172.26.66.66:33536', name: 3, status: undefined, memory: 0, processing: 0>
distributed.scheduler - INFO - Starting worker compute stream, tcp://172.26.66.66:33536
distributed.core - INFO - Starting established connection
distributed.worker - INFO -         Registered to:   tcp://172.26.66.66:45974
distributed.worker - INFO - -------------------------------------------------
distributed.core - INFO - Starting established connection
distributed.worker - INFO - Run out-of-band function 'lambda'
distributed.worker - WARNING - Worker is at 80% memory usage. Pausing worker.  Process memory: 3.13 GiB -- Worker memory limit: 3.91 GiB
distributed.worker - WARNING - Worker is at 80% memory usage. Pausing worker.  Process memory: 3.14 GiB -- Worker memory limit: 3.91 GiB
distributed.worker - WARNING - Worker is at 80% memory usage. Pausing worker.  Process memory: 3.14 GiB -- Worker memory limit: 3.91 GiB
distributed.worker - WARNING - Unmanaged memory use is high. This may indicate a memory leak or the memory may not be released to the OS; see https://distributed.dask.org/en/latest/worker.html#memtrim for more information. -- Unmanaged memory: 3.55 GiB -- Worker memory limit: 3.91 GiB
distributed.worker - WARNING - Unmanaged memory use is high. This may indicate a memory leak or the memory may not be released to the OS; see https://distributed.dask.org/en/latest/worker.html#memtrim for more information. -- Unmanaged memory: 3.72 GiB -- Worker memory limit: 3.91 GiB
distributed.worker - WARNING - Unmanaged memory use is high. This may indicate a memory leak or the memory may not be released to the OS; see https://distributed.dask.org/en/latest/worker.html#memtrim for more information. -- Unmanaged memory: 3.63 GiB -- Worker memory limit: 3.91 GiB
distributed.worker - WARNING - Unmanaged memory use is high. This may indicate a memory leak or the memory may not be released to the OS; see https://distributed.dask.org/en/latest/worker.html#memtrim for more information. -- Unmanaged memory: 3.80 GiB -- Worker memory limit: 3.91 GiB
distributed.worker - WARNING - Unmanaged memory use is high. This may indicate a memory leak or the memory may not be released to the OS; see https://distributed.dask.org/en/latest/worker.html#memtrim for more information. -- Unmanaged memory: 3.63 GiB -- Worker memory limit: 3.91 GiB
distributed.worker - WARNING - Unmanaged memory use is high. This may indicate a memory leak or the memory may not be released to the OS; see https://distributed.dask.org/en/latest/worker.html#memtrim for more information. -- Unmanaged memory: 3.56 GiB -- Worker memory limit: 3.91 GiB
distributed.worker - WARNING - Unmanaged memory use is high. This may indicate a memory leak or the memory may not be released to the OS; see https://distributed.dask.org/en/latest/worker.html#memtrim for more information. -- Unmanaged memory: 3.94 GiB -- Worker memory limit: 3.91 GiB
distributed.worker - WARNING - Unmanaged memory use is high. This may indicate a memory leak or the memory may not be released to the OS; see https://distributed.dask.org/en/latest/worker.html#memtrim for more information. -- Unmanaged memory: 3.56 GiB -- Worker memory limit: 3.91 GiB
distributed.worker - WARNING - Unmanaged memory use is high. This may indicate a memory leak or the memory may not be released to the OS; see https://distributed.dask.org/en/latest/worker.html#memtrim for more information. -- Unmanaged memory: 3.94 GiB -- Worker memory limit: 3.91 GiB
distributed.worker - WARNING - Unmanaged memory use is high. This may indicate a memory leak or the memory may not be released to the OS; see https://distributed.dask.org/en/latest/worker.html#memtrim for more information. -- Unmanaged memory: 4.32 GiB -- Worker memory limit: 3.91 GiB
distributed.worker - WARNING - Unmanaged memory use is high. This may indicate a memory leak or the memory may not be released to the OS; see https://distributed.dask.org/en/latest/worker.html#memtrim for more information. -- Unmanaged memory: 3.94 GiB -- Worker memory limit: 3.91 GiB
distributed.worker - WARNING - Unmanaged memory use is high. This may indicate a memory leak or the memory may not be released to the OS; see https://distributed.dask.org/en/latest/worker.html#memtrim for more information. -- Unmanaged memory: 4.31 GiB -- Worker memory limit: 3.91 GiB
distributed.worker - WARNING - Unmanaged memory use is high. This may indicate a memory leak or the memory may not be released to the OS; see https://distributed.dask.org/en/latest/worker.html#memtrim for more information. -- Unmanaged memory: 4.66 GiB -- Worker memory limit: 3.91 GiB
distributed.worker - WARNING - Worker is at 80% memory usage. Pausing worker.  Process memory: 3.15 GiB -- Worker memory limit: 3.91 GiB
distributed.worker - WARNING - Unmanaged memory use is high. This may indicate a memory leak or the memory may not be released to the OS; see https://distributed.dask.org/en/latest/worker.html#memtrim for more information. -- Unmanaged memory: 4.33 GiB -- Worker memory limit: 3.91 GiB
distributed.worker - WARNING - Worker is at 64% memory usage. Resuming worker. Process memory: 2.53 GiB -- Worker memory limit: 3.91 GiB
distributed.worker - WARNING - Worker is at 69% memory usage. Resuming worker. Process memory: 2.70 GiB -- Worker memory limit: 3.91 GiB
distributed.worker - WARNING - Worker is at 63% memory usage. Resuming worker. Process memory: 2.46 GiB -- Worker memory limit: 3.91 GiB
distributed.worker - WARNING - Unmanaged memory use is high. This may indicate a memory leak or the memory may not be released to the OS; see https://distributed.dask.org/en/latest/worker.html#memtrim for more information. -- Unmanaged memory: 3.60 GiB -- Worker memory limit: 3.91 GiB
distributed.worker - WARNING - Worker is at 80% memory usage. Pausing worker.  Process memory: 3.13 GiB -- Worker memory limit: 3.91 GiB
distributed.worker - WARNING - Worker is at 66% memory usage. Resuming worker. Process memory: 2.61 GiB -- Worker memory limit: 3.91 GiB
distributed.worker - WARNING - Worker is at 84% memory usage. Pausing worker.  Process memory: 3.29 GiB -- Worker memory limit: 3.91 GiB
distributed.worker - WARNING - Unmanaged memory use is high. This may indicate a memory leak or the memory may not be released to the OS; see https://distributed.dask.org/en/latest/worker.html#memtrim for more information. -- Unmanaged memory: 3.70 GiB -- Worker memory limit: 3.91 GiB
distributed.worker - WARNING - Worker is at 65% memory usage. Resuming worker. Process memory: 2.56 GiB -- Worker memory limit: 3.91 GiB
distributed.worker - WARNING - Worker is at 69% memory usage. Resuming worker. Process memory: 2.73 GiB -- Worker memory limit: 3.91 GiB
distributed.worker - WARNING - Worker is at 80% memory usage. Pausing worker.  Process memory: 3.13 GiB -- Worker memory limit: 3.91 GiB
distributed.worker - WARNING - Worker is at 80% memory usage. Pausing worker.  Process memory: 3.16 GiB -- Worker memory limit: 3.91 GiB
distributed.worker - WARNING - Worker is at 80% memory usage. Pausing worker.  Process memory: 3.16 GiB -- Worker memory limit: 3.91 GiB
distributed.worker - WARNING - Unmanaged memory use is high. This may indicate a memory leak or the memory may not be released to the OS; see https://distributed.dask.org/en/latest/worker.html#memtrim for more information. -- Unmanaged memory: 3.54 GiB -- Worker memory limit: 3.91 GiB
distributed.worker - WARNING - Unmanaged memory use is high. This may indicate a memory leak or the memory may not be released to the OS; see https://distributed.dask.org/en/latest/worker.html#memtrim for more information. -- Unmanaged memory: 3.56 GiB -- Worker memory limit: 3.91 GiB
distributed.worker - WARNING - Unmanaged memory use is high. This may indicate a memory leak or the memory may not be released to the OS; see https://distributed.dask.org/en/latest/worker.html#memtrim for more information. -- Unmanaged memory: 3.69 GiB -- Worker memory limit: 3.91 GiB
distributed.worker - WARNING - Unmanaged memory use is high. This may indicate a memory leak or the memory may not be released to the OS; see https://distributed.dask.org/en/latest/worker.html#memtrim for more information. -- Unmanaged memory: 3.78 GiB -- Worker memory limit: 3.91 GiB
distributed.worker - WARNING - Unmanaged memory use is high. This may indicate a memory leak or the memory may not be released to the OS; see https://distributed.dask.org/en/latest/worker.html#memtrim for more information. -- Unmanaged memory: 3.79 GiB -- Worker memory limit: 3.91 GiB
distributed.worker - WARNING - Unmanaged memory use is high. This may indicate a memory leak or the memory may not be released to the OS; see https://distributed.dask.org/en/latest/worker.html#memtrim for more information. -- Unmanaged memory: 4.05 GiB -- Worker memory limit: 3.91 GiB
distributed.worker - WARNING - Unmanaged memory use is high. This may indicate a memory leak or the memory may not be released to the OS; see https://distributed.dask.org/en/latest/worker.html#memtrim for more information. -- Unmanaged memory: 3.80 GiB -- Worker memory limit: 3.91 GiB
distributed.worker - WARNING - Unmanaged memory use is high. This may indicate a memory leak or the memory may not be released to the OS; see https://distributed.dask.org/en/latest/worker.html#memtrim for more information. -- Unmanaged memory: 4.44 GiB -- Worker memory limit: 3.91 GiB
distributed.worker - WARNING - Unmanaged memory use is high. This may indicate a memory leak or the memory may not be released to the OS; see https://distributed.dask.org/en/latest/worker.html#memtrim for more information. -- Unmanaged memory: 3.83 GiB -- Worker memory limit: 3.91 GiB
distributed.worker - WARNING - Worker is at 64% memory usage. Resuming worker. Process memory: 2.54 GiB -- Worker memory limit: 3.91 GiB
distributed.worker - WARNING - Unmanaged memory use is high. This may indicate a memory leak or the memory may not be released to the OS; see https://distributed.dask.org/en/latest/worker.html#memtrim for more information. -- Unmanaged memory: 4.04 GiB -- Worker memory limit: 3.91 GiB
distributed.worker - WARNING - Unmanaged memory use is high. This may indicate a memory leak or the memory may not be released to the OS; see https://distributed.dask.org/en/latest/worker.html#memtrim for more information. -- Unmanaged memory: 3.67 GiB -- Worker memory limit: 3.91 GiB
distributed.worker - WARNING - Unmanaged memory use is high. This may indicate a memory leak or the memory may not be released to the OS; see https://distributed.dask.org/en/latest/worker.html#memtrim for more information. -- Unmanaged memory: 3.67 GiB -- Worker memory limit: 3.91 GiB
distributed.worker - WARNING - Worker is at 80% memory usage. Pausing worker.  Process memory: 3.14 GiB -- Worker memory limit: 3.91 GiB
distributed.worker - WARNING - Unmanaged memory use is high. This may indicate a memory leak or the memory may not be released to the OS; see https://distributed.dask.org/en/latest/worker.html#memtrim for more information. -- Unmanaged memory: 3.70 GiB -- Worker memory limit: 3.91 GiB
distributed.worker - WARNING - Unmanaged memory use is high. This may indicate a memory leak or the memory may not be released to the OS; see https://distributed.dask.org/en/latest/worker.html#memtrim for more information. -- Unmanaged memory: 4.24 GiB -- Worker memory limit: 3.91 GiB
distributed.worker - WARNING - Unmanaged memory use is high. This may indicate a memory leak or the memory may not be released to the OS; see https://distributed.dask.org/en/latest/worker.html#memtrim for more information. -- Unmanaged memory: 4.08 GiB -- Worker memory limit: 3.91 GiB
distributed.worker - WARNING - Unmanaged memory use is high. This may indicate a memory leak or the memory may not be released to the OS; see https://distributed.dask.org/en/latest/worker.html#memtrim for more information. -- Unmanaged memory: 4.42 GiB -- Worker memory limit: 3.91 GiB
distributed.worker - WARNING - Unmanaged memory use is high. This may indicate a memory leak or the memory may not be released to the OS; see https://distributed.dask.org/en/latest/worker.html#memtrim for more information. -- Unmanaged memory: 4.46 GiB -- Worker memory limit: 3.91 GiB
distributed.worker - WARNING - Worker is at 71% memory usage. Resuming worker. Process memory: 2.78 GiB -- Worker memory limit: 3.91 GiB
distributed.worker - WARNING - Unmanaged memory use is high. This may indicate a memory leak or the memory may not be released to the OS; see https://distributed.dask.org/en/latest/worker.html#memtrim for more information. -- Unmanaged memory: 4.57 GiB -- Worker memory limit: 3.91 GiB
distributed.worker - WARNING - Worker is at 63% memory usage. Resuming worker. Process memory: 2.46 GiB -- Worker memory limit: 3.91 GiB
distributed.worker - WARNING - Unmanaged memory use is high. This may indicate a memory leak or the memory may not be released to the OS; see https://distributed.dask.org/en/latest/worker.html#memtrim for more information. -- Unmanaged memory: 4.75 GiB -- Worker memory limit: 3.91 GiB
distributed.worker - WARNING - Worker is at 69% memory usage. Resuming worker. Process memory: 2.70 GiB -- Worker memory limit: 3.91 GiB
distributed.worker - WARNING - Worker is at 83% memory usage. Pausing worker.  Process memory: 3.25 GiB -- Worker memory limit: 3.91 GiB
distributed.worker - WARNING - Worker is at 83% memory usage. Pausing worker.  Process memory: 3.27 GiB -- Worker memory limit: 3.91 GiB
distributed.worker - WARNING - Worker is at 80% memory usage. Pausing worker.  Process memory: 3.13 GiB -- Worker memory limit: 3.91 GiB
distributed.worker - WARNING - Worker is at 48% memory usage. Resuming worker. Process memory: 1.91 GiB -- Worker memory limit: 3.91 GiB
distributed.worker - WARNING - Worker is at 47% memory usage. Resuming worker. Process memory: 1.84 GiB -- Worker memory limit: 3.91 GiB
distributed.worker - WARNING - Worker is at 80% memory usage. Pausing worker.  Process memory: 3.15 GiB -- Worker memory limit: 3.91 GiB
distributed.worker - WARNING - Worker is at 81% memory usage. Pausing worker.  Process memory: 3.18 GiB -- Worker memory limit: 3.91 GiB
distributed.worker - WARNING - Unmanaged memory use is high. This may indicate a memory leak or the memory may not be released to the OS; see https://distributed.dask.org/en/latest/worker.html#memtrim for more information. -- Unmanaged memory: 3.68 GiB -- Worker memory limit: 3.91 GiB
distributed.worker - WARNING - Unmanaged memory use is high. This may indicate a memory leak or the memory may not be released to the OS; see https://distributed.dask.org/en/latest/worker.html#memtrim for more information. -- Unmanaged memory: 3.68 GiB -- Worker memory limit: 3.91 GiB
distributed.worker - WARNING - Unmanaged memory use is high. This may indicate a memory leak or the memory may not be released to the OS; see https://distributed.dask.org/en/latest/worker.html#memtrim for more information. -- Unmanaged memory: 3.96 GiB -- Worker memory limit: 3.91 GiB
distributed.worker - WARNING - Unmanaged memory use is high. This may indicate a memory leak or the memory may not be released to the OS; see https://distributed.dask.org/en/latest/worker.html#memtrim for more information. -- Unmanaged memory: 3.96 GiB -- Worker memory limit: 3.91 GiB
distributed.worker - WARNING - Worker is at 80% memory usage. Pausing worker.  Process memory: 3.15 GiB -- Worker memory limit: 3.91 GiB
distributed.worker - WARNING - Unmanaged memory use is high. This may indicate a memory leak or the memory may not be released to the OS; see https://distributed.dask.org/en/latest/worker.html#memtrim for more information. -- Unmanaged memory: 3.86 GiB -- Worker memory limit: 3.91 GiB
distributed.worker - WARNING - Unmanaged memory use is high. This may indicate a memory leak or the memory may not be released to the OS; see https://distributed.dask.org/en/latest/worker.html#memtrim for more information. -- Unmanaged memory: 3.75 GiB -- Worker memory limit: 3.91 GiB
distributed.worker - WARNING - Worker is at 67% memory usage. Resuming worker. Process memory: 2.65 GiB -- Worker memory limit: 3.91 GiB
distributed.worker - WARNING - Unmanaged memory use is high. This may indicate a memory leak or the memory may not be released to the OS; see https://distributed.dask.org/en/latest/worker.html#memtrim for more information. -- Unmanaged memory: 4.25 GiB -- Worker memory limit: 3.91 GiB
distributed.worker - WARNING - Unmanaged memory use is high. This may indicate a memory leak or the memory may not be released to the OS; see https://distributed.dask.org/en/latest/worker.html#memtrim for more information. -- Unmanaged memory: 3.80 GiB -- Worker memory limit: 3.91 GiB
distributed.worker - WARNING - Unmanaged memory use is high. This may indicate a memory leak or the memory may not be released to the OS; see https://distributed.dask.org/en/latest/worker.html#memtrim for more information. -- Unmanaged memory: 3.80 GiB -- Worker memory limit: 3.91 GiB
distributed.worker - WARNING - Worker is at 63% memory usage. Resuming worker. Process memory: 2.46 GiB -- Worker memory limit: 3.91 GiB
distributed.worker - WARNING - Unmanaged memory use is high. This may indicate a memory leak or the memory may not be released to the OS; see https://distributed.dask.org/en/latest/worker.html#memtrim for more information. -- Unmanaged memory: 4.10 GiB -- Worker memory limit: 3.91 GiB
distributed.worker - WARNING - Worker is at 76% memory usage. Resuming worker. Process memory: 2.98 GiB -- Worker memory limit: 3.91 GiB
distributed.worker - WARNING - Unmanaged memory use is high. This may indicate a memory leak or the memory may not be released to the OS; see https://distributed.dask.org/en/latest/worker.html#memtrim for more information. -- Unmanaged memory: 4.46 GiB -- Worker memory limit: 3.91 GiB
distributed.worker - WARNING - Unmanaged memory use is high. This may indicate a memory leak or the memory may not be released to the OS; see https://distributed.dask.org/en/latest/worker.html#memtrim for more information. -- Unmanaged memory: 3.56 GiB -- Worker memory limit: 3.91 GiB
distributed.worker - WARNING - Worker is at 81% memory usage. Pausing worker.  Process memory: 3.17 GiB -- Worker memory limit: 3.91 GiB
distributed.worker - WARNING - Worker is at 69% memory usage. Resuming worker. Process memory: 2.70 GiB -- Worker memory limit: 3.91 GiB
distributed.worker - WARNING - Worker is at 83% memory usage. Pausing worker.  Process memory: 3.24 GiB -- Worker memory limit: 3.91 GiB
distributed.worker - WARNING - Worker is at 80% memory usage. Pausing worker.  Process memory: 3.16 GiB -- Worker memory limit: 3.91 GiB
distributed.worker - WARNING - Worker is at 78% memory usage. Resuming worker. Process memory: 3.07 GiB -- Worker memory limit: 3.91 GiB
distributed.worker - WARNING - Worker is at 80% memory usage. Pausing worker.  Process memory: 3.16 GiB -- Worker memory limit: 3.91 GiB
distributed.worker - WARNING - Worker is at 78% memory usage. Resuming worker. Process memory: 3.08 GiB -- Worker memory limit: 3.91 GiB
distributed.worker - WARNING - Worker is at 80% memory usage. Pausing worker.  Process memory: 3.14 GiB -- Worker memory limit: 3.91 GiB
distributed.worker - WARNING - Worker is at 53% memory usage. Resuming worker. Process memory: 2.07 GiB -- Worker memory limit: 3.91 GiB
distributed.worker - WARNING - Worker is at 81% memory usage. Pausing worker.  Process memory: 3.18 GiB -- Worker memory limit: 3.91 GiB
distributed.worker - WARNING - Unmanaged memory use is high. This may indicate a memory leak or the memory may not be released to the OS; see https://distributed.dask.org/en/latest/worker.html#memtrim for more information. -- Unmanaged memory: 3.75 GiB -- Worker memory limit: 3.91 GiB
distributed.worker - WARNING - Unmanaged memory use is high. This may indicate a memory leak or the memory may not be released to the OS; see https://distributed.dask.org/en/latest/worker.html#memtrim for more information. -- Unmanaged memory: 3.75 GiB -- Worker memory limit: 3.91 GiB
distributed.worker - WARNING - Unmanaged memory use is high. This may indicate a memory leak or the memory may not be released to the OS; see https://distributed.dask.org/en/latest/worker.html#memtrim for more information. -- Unmanaged memory: 3.96 GiB -- Worker memory limit: 3.91 GiB
distributed.worker - WARNING - Worker is at 80% memory usage. Pausing worker.  Process memory: 3.15 GiB -- Worker memory limit: 3.91 GiB
distributed.worker - WARNING - Unmanaged memory use is high. This may indicate a memory leak or the memory may not be released to the OS; see https://distributed.dask.org/en/latest/worker.html#memtrim for more information. -- Unmanaged memory: 4.34 GiB -- Worker memory limit: 3.91 GiB
distributed.worker - WARNING - Unmanaged memory use is high. This may indicate a memory leak or the memory may not be released to the OS; see https://distributed.dask.org/en/latest/worker.html#memtrim for more information. -- Unmanaged memory: 4.54 GiB -- Worker memory limit: 3.91 GiB
distributed.worker - WARNING - Worker is at 65% memory usage. Resuming worker. Process memory: 2.54 GiB -- Worker memory limit: 3.91 GiB
distributed.worker - WARNING - Unmanaged memory use is high. This may indicate a memory leak or the memory may not be released to the OS; see https://distributed.dask.org/en/latest/worker.html#memtrim for more information. -- Unmanaged memory: 3.71 GiB -- Worker memory limit: 3.91 GiB
distributed.worker - WARNING - Unmanaged memory use is high. This may indicate a memory leak or the memory may not be released to the OS; see https://distributed.dask.org/en/latest/worker.html#memtrim for more information. -- Unmanaged memory: 3.71 GiB -- Worker memory limit: 3.91 GiB
distributed.worker - WARNING - Unmanaged memory use is high. This may indicate a memory leak or the memory may not be released to the OS; see https://distributed.dask.org/en/latest/worker.html#memtrim for more information. -- Unmanaged memory: 3.80 GiB -- Worker memory limit: 3.91 GiB
distributed.worker - WARNING - Unmanaged memory use is high. This may indicate a memory leak or the memory may not be released to the OS; see https://distributed.dask.org/en/latest/worker.html#memtrim for more information. -- Unmanaged memory: 3.80 GiB -- Worker memory limit: 3.91 GiB
distributed.worker - WARNING - Unmanaged memory use is high. This may indicate a memory leak or the memory may not be released to the OS; see https://distributed.dask.org/en/latest/worker.html#memtrim for more information. -- Unmanaged memory: 4.30 GiB -- Worker memory limit: 3.91 GiB
distributed.worker - WARNING - Unmanaged memory use is high. This may indicate a memory leak or the memory may not be released to the OS; see https://distributed.dask.org/en/latest/worker.html#memtrim for more information. -- Unmanaged memory: 4.30 GiB -- Worker memory limit: 3.91 GiB
distributed.worker - WARNING - Unmanaged memory use is high. This may indicate a memory leak or the memory may not be released to the OS; see https://distributed.dask.org/en/latest/worker.html#memtrim for more information. -- Unmanaged memory: 4.17 GiB -- Worker memory limit: 3.91 GiB
distributed.worker - WARNING - Worker is at 52% memory usage. Resuming worker. Process memory: 2.05 GiB -- Worker memory limit: 3.91 GiB
distributed.worker - WARNING - Unmanaged memory use is high. This may indicate a memory leak or the memory may not be released to the OS; see https://distributed.dask.org/en/latest/worker.html#memtrim for more information. -- Unmanaged memory: 4.54 GiB -- Worker memory limit: 3.91 GiB
distributed.worker - WARNING - Worker is at 63% memory usage. Resuming worker. Process memory: 2.46 GiB -- Worker memory limit: 3.91 GiB
distributed.worker - WARNING - Unmanaged memory use is high. This may indicate a memory leak or the memory may not be released to the OS; see https://distributed.dask.org/en/latest/worker.html#memtrim for more information. -- Unmanaged memory: 3.56 GiB -- Worker memory limit: 3.91 GiB
distributed.worker - WARNING - Worker is at 69% memory usage. Resuming worker. Process memory: 2.71 GiB -- Worker memory limit: 3.91 GiB
distributed.worker - WARNING - Worker is at 80% memory usage. Pausing worker.  Process memory: 3.15 GiB -- Worker memory limit: 3.91 GiB
distributed.worker - WARNING - Worker is at 81% memory usage. Pausing worker.  Process memory: 3.19 GiB -- Worker memory limit: 3.91 GiB
distributed.worker - WARNING - Worker is at 80% memory usage. Pausing worker.  Process memory: 3.16 GiB -- Worker memory limit: 3.91 GiB
distributed.worker - WARNING - Worker is at 80% memory usage. Pausing worker.  Process memory: 3.13 GiB -- Worker memory limit: 3.91 GiB
distributed.worker - WARNING - Worker is at 80% memory usage. Pausing worker.  Process memory: 3.16 GiB -- Worker memory limit: 3.91 GiB
distributed.worker - WARNING - Worker is at 55% memory usage. Resuming worker. Process memory: 2.15 GiB -- Worker memory limit: 3.91 GiB
distributed.worker - WARNING - Unmanaged memory use is high. This may indicate a memory leak or the memory may not be released to the OS; see https://distributed.dask.org/en/latest/worker.html#memtrim for more information. -- Unmanaged memory: 4.28 GiB -- Worker memory limit: 3.91 GiB
distributed.worker - WARNING - Unmanaged memory use is high. This may indicate a memory leak or the memory may not be released to the OS; see https://distributed.dask.org/en/latest/worker.html#memtrim for more information. -- Unmanaged memory: 4.29 GiB -- Worker memory limit: 3.91 GiB
distributed.worker - WARNING - Worker is at 80% memory usage. Pausing worker.  Process memory: 3.15 GiB -- Worker memory limit: 3.91 GiB
distributed.core - INFO - Event loop was unresponsive in Worker for 3.20s.  This is often caused by long-running GIL-holding functions or moving large chunks of data. This can cause timeouts and instability.
distributed.worker - WARNING - Worker is at 61% memory usage. Resuming worker. Process memory: 2.42 GiB -- Worker memory limit: 3.91 GiB
distributed.worker - WARNING - Worker is at 65% memory usage. Resuming worker. Process memory: 2.54 GiB -- Worker memory limit: 3.91 GiB
distributed.worker - WARNING - Worker is at 52% memory usage. Resuming worker. Process memory: 2.06 GiB -- Worker memory limit: 3.91 GiB
distributed.worker - WARNING - Worker is at 65% memory usage. Resuming worker. Process memory: 2.58 GiB -- Worker memory limit: 3.91 GiB
distributed.worker - WARNING - Unmanaged memory use is high. This may indicate a memory leak or the memory may not be released to the OS; see https://distributed.dask.org/en/latest/worker.html#memtrim for more information. -- Unmanaged memory: 4.36 GiB -- Worker memory limit: 3.91 GiB
distributed.worker - WARNING - Unmanaged memory use is high. This may indicate a memory leak or the memory may not be released to the OS; see https://distributed.dask.org/en/latest/worker.html#memtrim for more information. -- Unmanaged memory: 4.39 GiB -- Worker memory limit: 3.91 GiB
distributed.worker - WARNING - Unmanaged memory use is high. This may indicate a memory leak or the memory may not be released to the OS; see https://distributed.dask.org/en/latest/worker.html#memtrim for more information. -- Unmanaged memory: 4.39 GiB -- Worker memory limit: 3.91 GiB
distributed.worker - WARNING - Worker is at 69% memory usage. Resuming worker. Process memory: 2.71 GiB -- Worker memory limit: 3.91 GiB
distributed.worker - WARNING - Worker is at 85% memory usage. Pausing worker.  Process memory: 3.33 GiB -- Worker memory limit: 3.91 GiB
distributed.worker - WARNING - Worker is at 80% memory usage. Pausing worker.  Process memory: 3.14 GiB -- Worker memory limit: 3.91 GiB
distributed.worker - WARNING - Worker is at 80% memory usage. Pausing worker.  Process memory: 3.14 GiB -- Worker memory limit: 3.91 GiB
distributed.worker - WARNING - Worker is at 80% memory usage. Pausing worker.  Process memory: 3.15 GiB -- Worker memory limit: 3.91 GiB
distributed.worker - WARNING - Worker is at 80% memory usage. Pausing worker.  Process memory: 3.13 GiB -- Worker memory limit: 3.91 GiB
distributed.worker - WARNING - Worker is at 58% memory usage. Resuming worker. Process memory: 2.28 GiB -- Worker memory limit: 3.91 GiB
distributed.worker - WARNING - Worker is at 80% memory usage. Pausing worker.  Process memory: 3.16 GiB -- Worker memory limit: 3.91 GiB
distributed.core - INFO - Event loop was unresponsive in Worker for 4.27s.  This is often caused by long-running GIL-holding functions or moving large chunks of data. This can cause timeouts and instability.
distributed.worker - WARNING - Worker is at 68% memory usage. Resuming worker. Process memory: 2.66 GiB -- Worker memory limit: 3.91 GiB
distributed.worker - WARNING - Worker is at 73% memory usage. Resuming worker. Process memory: 2.89 GiB -- Worker memory limit: 3.91 GiB
distributed.core - INFO - Event loop was unresponsive in Worker for 3.60s.  This is often caused by long-running GIL-holding functions or moving large chunks of data. This can cause timeouts and instability.
distributed.core - INFO - Event loop was unresponsive in Worker for 3.19s.  This is often caused by long-running GIL-holding functions or moving large chunks of data. This can cause timeouts and instability.
distributed.worker - WARNING - Worker is at 67% memory usage. Resuming worker. Process memory: 2.63 GiB -- Worker memory limit: 3.91 GiB
distributed.core - INFO - Event loop was unresponsive in Worker for 4.20s.  This is often caused by long-running GIL-holding functions or moving large chunks of data. This can cause timeouts and instability.
distributed.worker - WARNING - Worker is at 66% memory usage. Resuming worker. Process memory: 2.58 GiB -- Worker memory limit: 3.91 GiB
distributed.worker - WARNING - Worker is at 72% memory usage. Resuming worker. Process memory: 2.82 GiB -- Worker memory limit: 3.91 GiB
distributed.worker - WARNING - Worker is at 81% memory usage. Pausing worker.  Process memory: 3.20 GiB -- Worker memory limit: 3.91 GiB
distributed.worker - WARNING - Worker is at 80% memory usage. Pausing worker.  Process memory: 3.16 GiB -- Worker memory limit: 3.91 GiB
distributed.worker - WARNING - Worker is at 83% memory usage. Pausing worker.  Process memory: 3.24 GiB -- Worker memory limit: 3.91 GiB
distributed.worker - WARNING - Worker is at 80% memory usage. Pausing worker.  Process memory: 3.14 GiB -- Worker memory limit: 3.91 GiB
distributed.worker - WARNING - Worker is at 80% memory usage. Pausing worker.  Process memory: 3.14 GiB -- Worker memory limit: 3.91 GiB
distributed.worker - WARNING - Worker is at 80% memory usage. Pausing worker.  Process memory: 3.14 GiB -- Worker memory limit: 3.91 GiB
distributed.worker - WARNING - Worker is at 78% memory usage. Resuming worker. Process memory: 3.05 GiB -- Worker memory limit: 3.91 GiB
distributed.worker - WARNING - Worker is at 70% memory usage. Resuming worker. Process memory: 2.77 GiB -- Worker memory limit: 3.91 GiB
distributed.worker - WARNING - Worker is at 80% memory usage. Pausing worker.  Process memory: 3.16 GiB -- Worker memory limit: 3.91 GiB
distributed.worker - WARNING - Worker is at 66% memory usage. Resuming worker. Process memory: 2.58 GiB -- Worker memory limit: 3.91 GiB
distributed.worker - WARNING - Worker is at 68% memory usage. Resuming worker. Process memory: 2.66 GiB -- Worker memory limit: 3.91 GiB
distributed.worker - WARNING - Worker is at 65% memory usage. Resuming worker. Process memory: 2.57 GiB -- Worker memory limit: 3.91 GiB
distributed.worker - WARNING - Worker is at 81% memory usage. Pausing worker.  Process memory: 3.17 GiB -- Worker memory limit: 3.91 GiB
distributed.worker - WARNING - Worker is at 83% memory usage. Pausing worker.  Process memory: 3.24 GiB -- Worker memory limit: 3.91 GiB
distributed.worker - WARNING - Worker is at 80% memory usage. Pausing worker.  Process memory: 3.14 GiB -- Worker memory limit: 3.91 GiB
distributed.worker - WARNING - Worker is at 80% memory usage. Pausing worker.  Process memory: 3.13 GiB -- Worker memory limit: 3.91 GiB
distributed.worker - WARNING - Worker is at 77% memory usage. Resuming worker. Process memory: 3.02 GiB -- Worker memory limit: 3.91 GiB
distributed.worker - WARNING - Worker is at 80% memory usage. Pausing worker.  Process memory: 3.13 GiB -- Worker memory limit: 3.91 GiB
distributed.worker - WARNING - Worker is at 77% memory usage. Resuming worker. Process memory: 3.02 GiB -- Worker memory limit: 3.91 GiB
distributed.worker - WARNING - Worker is at 80% memory usage. Pausing worker.  Process memory: 3.13 GiB -- Worker memory limit: 3.91 GiB
distributed.worker - WARNING - Worker is at 79% memory usage. Resuming worker. Process memory: 3.12 GiB -- Worker memory limit: 3.91 GiB
distributed.worker - WARNING - Worker is at 85% memory usage. Pausing worker.  Process memory: 3.35 GiB -- Worker memory limit: 3.91 GiB
srun: Job step aborted: Waiting up to 32 seconds for job step to finish.
slurmstepd: error: *** JOB 26014176 ON host210 CANCELLED AT 2022-02-23T14:20:43 ***
slurmstepd: error: *** STEP 26014176.0 ON host210 CANCELLED AT 2022-02-23T14:20:43 ***
